2019-03-20 11:27:44 INFO  CompanyDaoImpl:31 - Start companies listing...
2019-03-20 11:27:44 INFO  CompanyDaoImpl:53 - Comapnies list created.
2019-03-20 11:27:44 INFO  ComputerDaoImpl:90 - Computer 123 found.
2019-03-20 11:27:44 INFO  ComputerDaoImpl:96 - Start computer insertion...
2019-03-20 11:27:44 INFO  ComputerDaoImpl:128 - Computer 619 created.
2019-03-20 11:27:44 INFO  ComputerDaoImpl:133 - Start computer 619 update...
2019-03-20 11:27:44 INFO  ComputerDaoImpl:154 - Computer 619 updated.
2019-03-20 11:27:44 INFO  ComputerDaoImpl:90 - Computer 619 found.
2019-03-20 11:27:44 INFO  ComputerDaoImpl:175 - Computer 619 deleted.
2019-03-20 11:27:44 INFO  ComputerDaoImpl:96 - Start computer insertion...
2019-03-20 11:27:44 INFO  ComputerDaoImpl:128 - Computer 620 created.
2019-03-20 11:27:44 INFO  ComputerDaoImpl:133 - Start computer 620 update...
2019-03-20 11:27:44 WARN  DaoException:10 - Failed to create computer : Discontinuation date is not after the introduction date.
2019-03-20 11:27:44 INFO  ComputerDaoImpl:175 - Computer 620 deleted.
2019-03-20 11:27:44 INFO  ComputerDaoImpl:96 - Start computer insertion...
2019-03-20 11:27:44 WARN  DaoException:10 - Failed to create computer : Computer name is null.
2019-03-20 11:27:44 INFO  ComputerDaoImpl:96 - Start computer insertion...
2019-03-20 11:27:44 WARN  DaoException:10 - Failed to create computer : Dicontinued not null whereas introcued is.
2019-03-20 11:27:44 WARN  DaoException:10 - Failed to delete the computer in database, no line deleted in the table.
2019-03-20 11:27:44 INFO  ComputerDaoImpl:40 - Start cxomputers listing...
2019-03-20 11:27:46 INFO  ComputerDaoImpl:62 - Computers list created.
2019-03-20 11:27:46 INFO  ComputerDaoImpl:96 - Start computer insertion...
2019-03-20 11:27:46 INFO  ComputerDaoImpl:128 - Computer 621 created.
2019-03-20 11:27:46 INFO  ComputerDaoImpl:40 - Start cxomputers listing...
2019-03-20 11:27:47 INFO  ComputerDaoImpl:62 - Computers list created.
2019-03-20 11:27:47 INFO  ComputerDaoImpl:175 - Computer 621 deleted.
2019-03-20 11:27:47 WARN  DaoException:10 - No SQL result for this computer ID.
2019-03-20 11:27:47 INFO  ComputerDaoImpl:96 - Start computer insertion...
2019-03-20 11:27:47 INFO  ComputerDaoImpl:96 - Start computer insertion...
2019-03-20 11:27:47 WARN  DaoException:10 - Failed to create computer : Discontinuation date is not after the introduction date.
2019-03-20 11:27:47 INFO  ComputerDaoImpl:96 - Start computer insertion...
2019-03-20 11:27:47 INFO  ComputerDaoImpl:128 - Computer 622 created.
2019-03-20 11:27:47 INFO  ComputerDaoImpl:40 - Start cxomputers listing...
2019-03-20 11:27:48 INFO  ComputerDaoImpl:62 - Computers list created.
2019-03-20 11:27:48 INFO  ComputerDaoImpl:175 - Computer 622 deleted.
2019-03-20 11:27:48 INFO  ComputerDaoImpl:40 - Start cxomputers listing...
2019-03-20 11:27:49 INFO  ComputerDaoImpl:62 - Computers list created.
2019-03-20 11:34:48 INFO  CompanyDaoImpl:31 - Start companies listing...
2019-03-20 11:34:48 INFO  CompanyDaoImpl:53 - Comapnies list created.
2019-03-20 11:34:48 INFO  ComputerDaoImpl:90 - Computer 123 found.
2019-03-20 11:34:48 INFO  ComputerDaoImpl:96 - Start computer insertion...
2019-03-20 11:34:48 INFO  ComputerDaoImpl:128 - Computer 631 created.
2019-03-20 11:34:48 INFO  ComputerDaoImpl:133 - Start computer 631 update...
2019-03-20 11:34:48 INFO  ComputerDaoImpl:154 - Computer 631 updated.
2019-03-20 11:34:48 INFO  ComputerDaoImpl:90 - Computer 631 found.
2019-03-20 11:34:48 INFO  ComputerDaoImpl:175 - Computer 631 deleted.
2019-03-20 11:34:48 INFO  ComputerDaoImpl:96 - Start computer insertion...
2019-03-20 11:34:48 INFO  ComputerDaoImpl:128 - Computer 632 created.
2019-03-20 11:34:48 INFO  ComputerDaoImpl:133 - Start computer 632 update...
2019-03-20 11:34:48 WARN  DaoException:10 - Failed to create computer : Discontinuation date is not after the introduction date.
2019-03-20 11:34:48 INFO  ComputerDaoImpl:175 - Computer 632 deleted.
2019-03-20 11:34:48 INFO  ComputerDaoImpl:96 - Start computer insertion...
2019-03-20 11:34:48 WARN  DaoException:10 - Failed to create computer : Computer name is null.
2019-03-20 11:34:48 INFO  ComputerDaoImpl:96 - Start computer insertion...
2019-03-20 11:34:48 WARN  DaoException:10 - Failed to create computer : Dicontinued not null whereas introcued is.
2019-03-20 11:34:48 WARN  DaoException:10 - Failed to delete the computer in database, no line deleted in the table.
2019-03-20 11:34:48 INFO  ComputerDaoImpl:40 - Start cxomputers listing...
2019-03-20 11:34:50 INFO  ComputerDaoImpl:62 - Computers list created.
2019-03-20 11:34:50 INFO  ComputerDaoImpl:96 - Start computer insertion...
2019-03-20 11:34:50 INFO  ComputerDaoImpl:128 - Computer 633 created.
2019-03-20 11:34:50 INFO  ComputerDaoImpl:40 - Start cxomputers listing...
2019-03-20 11:34:51 INFO  ComputerDaoImpl:62 - Computers list created.
2019-03-20 11:34:51 INFO  ComputerDaoImpl:175 - Computer 633 deleted.
2019-03-20 11:34:51 WARN  DaoException:10 - No SQL result for this computer ID.
2019-03-20 11:34:51 INFO  ComputerDaoImpl:96 - Start computer insertion...
2019-03-20 11:34:51 INFO  ComputerDaoImpl:96 - Start computer insertion...
2019-03-20 11:34:51 WARN  DaoException:10 - Failed to create computer : Discontinuation date is not after the introduction date.
2019-03-20 11:34:51 INFO  ComputerDaoImpl:96 - Start computer insertion...
2019-03-20 11:34:51 INFO  ComputerDaoImpl:128 - Computer 634 created.
2019-03-20 11:34:51 INFO  ComputerDaoImpl:40 - Start cxomputers listing...
2019-03-20 11:34:52 INFO  ComputerDaoImpl:62 - Computers list created.
2019-03-20 11:34:52 INFO  ComputerDaoImpl:175 - Computer 634 deleted.
2019-03-20 11:34:52 INFO  ComputerDaoImpl:40 - Start cxomputers listing...
2019-03-20 11:34:53 INFO  ComputerDaoImpl:62 - Computers list created.
2019-03-20 11:40:28 INFO  CompanyDaoImpl:31 - Start companies listing...
2019-03-20 11:40:28 INFO  CompanyDaoImpl:53 - Comapnies list created.
2019-03-20 11:40:28 INFO  ComputerDaoImpl:90 - Computer 123 found.
2019-03-20 11:40:28 INFO  ComputerDaoImpl:96 - Start computer insertion...
2019-03-20 11:40:28 INFO  ComputerDaoImpl:128 - Computer 635 created.
2019-03-20 11:40:28 INFO  ComputerDaoImpl:133 - Start computer 635 update...
2019-03-20 11:40:28 INFO  ComputerDaoImpl:154 - Computer 635 updated.
2019-03-20 11:40:28 INFO  ComputerDaoImpl:90 - Computer 635 found.
2019-03-20 11:40:28 INFO  ComputerDaoImpl:175 - Computer 635 deleted.
2019-03-20 11:40:28 INFO  ComputerDaoImpl:96 - Start computer insertion...
2019-03-20 11:40:28 INFO  ComputerDaoImpl:128 - Computer 636 created.
2019-03-20 11:40:28 INFO  ComputerDaoImpl:133 - Start computer 636 update...
2019-03-20 11:40:28 WARN  DaoException:10 - Failed to create computer : Discontinuation date is not after the introduction date.
2019-03-20 11:40:28 INFO  ComputerDaoImpl:175 - Computer 636 deleted.
2019-03-20 11:40:28 INFO  ComputerDaoImpl:96 - Start computer insertion...
2019-03-20 11:40:28 WARN  DaoException:10 - Failed to create computer : Computer name is null.
2019-03-20 11:40:28 INFO  ComputerDaoImpl:96 - Start computer insertion...
2019-03-20 11:40:28 WARN  DaoException:10 - Failed to create computer : Dicontinued not null whereas introcued is.
2019-03-20 11:40:28 WARN  DaoException:10 - Failed to delete the computer in database, no line deleted in the table.
2019-03-20 11:40:28 INFO  ComputerDaoImpl:40 - Start cxomputers listing...
2019-03-20 11:40:30 INFO  ComputerDaoImpl:62 - Computers list created.
2019-03-20 11:40:30 INFO  ComputerDaoImpl:96 - Start computer insertion...
2019-03-20 11:40:30 INFO  ComputerDaoImpl:128 - Computer 637 created.
2019-03-20 11:40:30 INFO  ComputerDaoImpl:40 - Start cxomputers listing...
2019-03-20 11:40:31 INFO  ComputerDaoImpl:62 - Computers list created.
2019-03-20 11:40:31 INFO  ComputerDaoImpl:175 - Computer 637 deleted.
2019-03-20 11:40:31 WARN  DaoException:10 - No SQL result for this computer ID.
2019-03-20 11:40:31 INFO  ComputerDaoImpl:96 - Start computer insertion...
2019-03-20 11:40:31 INFO  ComputerDaoImpl:96 - Start computer insertion...
2019-03-20 11:40:31 WARN  DaoException:10 - Failed to create computer : Discontinuation date is not after the introduction date.
2019-03-20 11:40:31 INFO  ComputerDaoImpl:96 - Start computer insertion...
2019-03-20 11:40:31 INFO  ComputerDaoImpl:128 - Computer 638 created.
2019-03-20 11:40:31 INFO  ComputerDaoImpl:40 - Start cxomputers listing...
2019-03-20 11:40:32 INFO  ComputerDaoImpl:62 - Computers list created.
2019-03-20 11:40:32 INFO  ComputerDaoImpl:175 - Computer 638 deleted.
2019-03-20 11:40:32 INFO  ComputerDaoImpl:40 - Start cxomputers listing...
2019-03-20 11:40:33 INFO  ComputerDaoImpl:62 - Computers list created.
2019-03-20 12:02:23 INFO  CompanyDaoImpl:31 - Start companies listing...
2019-03-20 12:02:24 INFO  CompanyDaoImpl:53 - Comapnies list created.
2019-03-20 12:02:24 INFO  ComputerDaoImpl:90 - Computer 123 found.
2019-03-20 12:02:24 INFO  ComputerDaoImpl:96 - Start computer insertion...
2019-03-20 12:02:24 INFO  ComputerDaoImpl:128 - Computer 639 created.
2019-03-20 12:02:24 INFO  ComputerDaoImpl:133 - Start computer 639 update...
2019-03-20 12:02:24 INFO  ComputerDaoImpl:154 - Computer 639 updated.
2019-03-20 12:02:24 INFO  ComputerDaoImpl:90 - Computer 639 found.
2019-03-20 12:02:24 INFO  ComputerDaoImpl:175 - Computer 639 deleted.
2019-03-20 12:02:24 INFO  ComputerDaoImpl:96 - Start computer insertion...
2019-03-20 12:02:24 INFO  ComputerDaoImpl:128 - Computer 640 created.
2019-03-20 12:02:24 INFO  ComputerDaoImpl:133 - Start computer 640 update...
2019-03-20 12:02:24 WARN  DaoException:10 - Failed to create computer : Discontinuation date is not after the introduction date.
2019-03-20 12:02:24 INFO  ComputerDaoImpl:175 - Computer 640 deleted.
2019-03-20 12:02:24 INFO  ComputerDaoImpl:96 - Start computer insertion...
2019-03-20 12:02:24 WARN  DaoException:10 - Failed to create computer : Computer name is null.
2019-03-20 12:02:24 INFO  ComputerDaoImpl:96 - Start computer insertion...
2019-03-20 12:02:24 WARN  DaoException:10 - Failed to create computer : Dicontinued not null whereas introcued is.
2019-03-20 12:02:24 WARN  DaoException:10 - Failed to delete the computer in database, no line deleted in the table.
2019-03-20 12:02:24 INFO  ComputerDaoImpl:40 - Start cxomputers listing...
2019-03-20 12:02:25 INFO  ComputerDaoImpl:62 - Computers list created.
2019-03-20 12:02:25 INFO  ComputerDaoImpl:96 - Start computer insertion...
2019-03-20 12:02:25 INFO  ComputerDaoImpl:128 - Computer 641 created.
2019-03-20 12:02:25 INFO  ComputerDaoImpl:40 - Start cxomputers listing...
2019-03-20 12:02:26 INFO  ComputerDaoImpl:62 - Computers list created.
2019-03-20 12:02:26 INFO  ComputerDaoImpl:175 - Computer 641 deleted.
2019-03-20 12:02:26 WARN  DaoException:10 - No SQL result for this computer ID.
2019-03-20 12:02:26 INFO  ComputerDaoImpl:96 - Start computer insertion...
2019-03-20 12:02:26 INFO  ComputerDaoImpl:96 - Start computer insertion...
2019-03-20 12:02:26 WARN  DaoException:10 - Failed to create computer : Discontinuation date is not after the introduction date.
2019-03-20 12:02:26 INFO  ComputerDaoImpl:96 - Start computer insertion...
2019-03-20 12:02:26 INFO  ComputerDaoImpl:128 - Computer 642 created.
2019-03-20 12:02:26 INFO  ComputerDaoImpl:40 - Start cxomputers listing...
2019-03-20 12:02:27 INFO  ComputerDaoImpl:62 - Computers list created.
2019-03-20 12:02:27 INFO  ComputerDaoImpl:175 - Computer 642 deleted.
2019-03-20 12:02:27 INFO  ComputerDaoImpl:40 - Start cxomputers listing...
2019-03-20 12:02:28 INFO  ComputerDaoImpl:62 - Computers list created.
2019-03-20 12:05:57 INFO  CompanyDaoImpl:31 - Start companies listing...
2019-03-20 12:05:57 INFO  CompanyDaoImpl:53 - Comapnies list created.
2019-03-20 12:05:57 INFO  ComputerDaoImpl:90 - Computer 123 found.
2019-03-20 12:05:57 INFO  ComputerDaoImpl:96 - Start computer insertion...
2019-03-20 12:05:57 INFO  ComputerDaoImpl:128 - Computer 643 created.
2019-03-20 12:05:57 INFO  ComputerDaoImpl:133 - Start computer 643 update...
2019-03-20 12:05:57 INFO  ComputerDaoImpl:154 - Computer 643 updated.
2019-03-20 12:05:57 INFO  ComputerDaoImpl:90 - Computer 643 found.
2019-03-20 12:05:57 INFO  ComputerDaoImpl:175 - Computer 643 deleted.
2019-03-20 12:05:57 INFO  ComputerDaoImpl:96 - Start computer insertion...
2019-03-20 12:05:57 INFO  ComputerDaoImpl:128 - Computer 644 created.
2019-03-20 12:05:57 INFO  ComputerDaoImpl:133 - Start computer 644 update...
2019-03-20 12:05:57 WARN  DaoException:10 - Failed to create computer : Discontinuation date is not after the introduction date.
2019-03-20 12:05:57 INFO  ComputerDaoImpl:175 - Computer 644 deleted.
2019-03-20 12:05:57 INFO  ComputerDaoImpl:96 - Start computer insertion...
2019-03-20 12:05:57 WARN  DaoException:10 - Failed to create computer : Computer name is null.
2019-03-20 12:05:57 INFO  ComputerDaoImpl:96 - Start computer insertion...
2019-03-20 12:05:57 WARN  DaoException:10 - Failed to create computer : Dicontinued not null whereas introcued is.
2019-03-20 12:05:57 WARN  DaoException:10 - Failed to delete the computer in database, no line deleted in the table.
2019-03-20 12:05:57 INFO  ComputerDaoImpl:40 - Start cxomputers listing...
2019-03-20 12:05:59 INFO  ComputerDaoImpl:62 - Computers list created.
2019-03-20 12:05:59 INFO  ComputerDaoImpl:96 - Start computer insertion...
2019-03-20 12:05:59 INFO  ComputerDaoImpl:128 - Computer 645 created.
2019-03-20 12:05:59 INFO  ComputerDaoImpl:40 - Start cxomputers listing...
2019-03-20 12:06:00 INFO  ComputerDaoImpl:62 - Computers list created.
2019-03-20 12:06:00 INFO  ComputerDaoImpl:175 - Computer 645 deleted.
2019-03-20 12:06:00 WARN  DaoException:10 - No SQL result for this computer ID.
2019-03-20 12:06:00 INFO  ComputerDaoImpl:96 - Start computer insertion...
2019-03-20 12:06:00 INFO  ComputerDaoImpl:96 - Start computer insertion...
2019-03-20 12:06:00 WARN  DaoException:10 - Failed to create computer : Discontinuation date is not after the introduction date.
2019-03-20 12:06:00 INFO  ComputerDaoImpl:96 - Start computer insertion...
2019-03-20 12:06:00 INFO  ComputerDaoImpl:128 - Computer 646 created.
2019-03-20 12:06:00 INFO  ComputerDaoImpl:40 - Start cxomputers listing...
2019-03-20 12:06:01 INFO  ComputerDaoImpl:62 - Computers list created.
2019-03-20 12:06:01 INFO  ComputerDaoImpl:175 - Computer 646 deleted.
2019-03-20 12:06:01 INFO  ComputerDaoImpl:40 - Start cxomputers listing...
2019-03-20 12:06:02 INFO  ComputerDaoImpl:62 - Computers list created.
